<?xml version="1.0" encoding="UTF-8"?>
<!-- Generated by org.testng.reporters.JUnitXMLReporter -->
<testsuite ignored="0" hostname="DESKTOP-DJHI0F8" failures="0" tests="36" name="Default test" time="832.708" errors="0" timestamp="2025-12-27T21:44:23 IST">
  <testcase classname="scripts.shoppage_scripts.regression_scenarios.Shop_page_regression_scenarios" name="openShoppageUsingUrl" time="3.83"/>
  <testcase classname="scripts.shoppage_scripts.regression_scenarios.Shop_page_regression_scenarios" name="clickOnLogoFromShopPage" time="6.661"/>
  <testcase classname="scripts.shoppage_scripts.regression_scenarios.Shop_page_regression_scenarios" name="clickOnShopAllLinkTextFromShopPage" time="6.592"/>
  <testcase classname="scripts.shoppage_scripts.regression_scenarios.Shop_page_regression_scenarios" name="clickOnWishlistFromShopPage" time="5.162"/>
  <testcase classname="scripts.shoppage_scripts.regression_scenarios.Shop_page_regression_scenarios" name="clickOnCartIconFromShopPage" time="5.269"/>
  <testcase classname="scripts.shoppage_scripts.regression_scenarios.Shop_page_regression_scenarios" name="clickOnAvatarFromShopPage" time="5.372"/>
  <testcase classname="scripts.shoppage_scripts.regression_scenarios.Shop_page_regression_scenarios" name="clickOnSignInFromShopPage" time="5.011"/>
  <testcase classname="scripts.shoppage_scripts.regression_scenarios.Shop_page_regression_scenarios" name="enterValueIntoSearchFieldFromShopPage" time="1.74"/>
  <testcase classname="scripts.shoppage_scripts.regression_scenarios.Shop_page_regression_scenarios" name="testShoppageShouldReloadClickOnShopAllLinkTextFromShopPage" time="5.874"/>
  <testcase classname="scripts.shoppage_scripts.regression_scenarios.Shop_page_regression_scenarios" name="testVerifyPresenceOfAllThreeViews" time="2.806"/>
  <testcase classname="scripts.shoppage_scripts.regression_scenarios.Shop_page_regression_scenarios" name="clickOnCardViewFromShopPage" time="9.856"/>
  <testcase classname="scripts.shoppage_scripts.regression_scenarios.Shop_page_regression_scenarios" name="clickOnGridViewFromShopPage" time="4.861"/>
  <testcase classname="scripts.shoppage_scripts.regression_scenarios.Shop_page_regression_scenarios" name="clickOnListViewFromShopPage" time="4.765"/>
  <testcase classname="scripts.shoppage_scripts.regression_scenarios.Shop_page_regression_scenarios" name="testPresenceUIPropertiesEnabledStateOfClearFilterButton" time="1.05"/>
  <testcase classname="scripts.shoppage_scripts.regression_scenarios.Shop_page_regression_scenarios" name="testVerifyingPresenceUI_PropertiesoOfCategoriesHeadingBelowClearFilterButton" time="2.471"/>
  <testcase classname="scripts.shoppage_scripts.regression_scenarios.Shop_page_regression_scenarios" name="testClickOnMainCategoryDropDownAndDisplayItsSubCategories" time="26.564"/>
  <testcase classname="scripts.shoppage_scripts.regression_scenarios.Shop_page_regression_scenarios" name="testClickMainCategoryFetchRelatedProducts" time="108.769"/>
  <testcase classname="scripts.shoppage_scripts.regression_scenarios.Shop_page_regression_scenarios" name="testCountNumberOfSubCategoriesOfThatMainCategory" time="25.553"/>
  <testcase classname="scripts.shoppage_scripts.regression_scenarios.Shop_page_regression_scenarios" name="testClickOnTheSubCategory_FetchTheProductsBelongingToSubCategories" time="303.252"/>
  <testcase classname="scripts.shoppage_scripts.regression_scenarios.Shop_page_regression_scenarios" name="testVerifyingBRANDSHeadingBelowcategoriesheading" time="2.804"/>
  <testcase classname="scripts.shoppage_scripts.regression_scenarios.Shop_page_regression_scenarios" name="testVerifyingAllBrandsSubHeadingBelowToBrandsHeading" time="3.746"/>
  <testcase classname="scripts.shoppage_scripts.regression_scenarios.Shop_page_regression_scenarios" name="testClickOnAllBrandsSubHeadingBelowToBrandsHeading" time="11.996"/>
  <testcase classname="scripts.shoppage_scripts.regression_scenarios.Shop_page_regression_scenarios" name="testClickOnAllBrandsDropDownBelowToBrandsHeading" time="11.851"/>
  <testcase classname="scripts.shoppage_scripts.regression_scenarios.Shop_page_regression_scenarios" name="testClickOnCheckBoxesOfAllBrandsSection" time="15.784"/>
  <testcase classname="scripts.shoppage_scripts.regression_scenarios.Shop_page_regression_scenarios" name="testVerifyingPriceRangeHeadingBelowAllBrandsHeading" time="0.97"/>
  <testcase classname="scripts.shoppage_scripts.regression_scenarios.Shop_page_regression_scenarios" name="testAdjustTheLeftHandleOfPriceRangeSlider" time="6.713"/>
  <testcase classname="scripts.shoppage_scripts.regression_scenarios.Shop_page_regression_scenarios" name="testAdjustTheRightHandleOfPriceRangeSlider" time="9.914"/>
  <testcase classname="scripts.shoppage_scripts.regression_scenarios.Shop_page_regression_scenarios" name="testAdjustThePriceRangeSlidersFromBothSides" time="9.481"/>
  <testcase classname="scripts.shoppage_scripts.regression_scenarios.Shop_page_regression_scenarios" name="testAdjustThePriceRangeSlidersFromBothSidesAndClickOnClearFilterButton" time="12.352"/>
  <testcase classname="scripts.shoppage_scripts.regression_scenarios.Shop_page_regression_scenarios" name="testVerifyingSortByHeadingBelowAllBrands" time="0.995"/>
  <testcase classname="scripts.shoppage_scripts.regression_scenarios.Shop_page_regression_scenarios" name="testVerifyPresenceEnabledStateOfAllOptionsPresentsBelowToSortByHeading" time="2.442"/>
  <testcase classname="scripts.shoppage_scripts.regression_scenarios.Shop_page_regression_scenarios" name="testVerifyDefaultButtonIsSelectedByDeafultAndHighlighted" time="2.43"/>
  <testcase classname="scripts.shoppage_scripts.regression_scenarios.Shop_page_regression_scenarios" name="testClickOnPriceIncreaseButtonBelowSortByHeading" time="18.628"/>
  <testcase classname="scripts.shoppage_scripts.regression_scenarios.Shop_page_regression_scenarios" name="testClickOnPriceDecreaseButtonBelowSortByHeading" time="18.997"/>
  <testcase classname="scripts.shoppage_scripts.regression_scenarios.Shop_page_regression_scenarios" name="testClickOnPriceNewestButtonBelowSortByHeading" time="9.876"/>
  <testcase classname="scripts.shoppage_scripts.regression_scenarios.Shop_page_regression_scenarios" name="testClickOnPriceOldestButtonBelowSortByHeading" time="6.797"/>
</testsuite> <!-- Default test -->
