<?xml version="1.0" encoding="UTF-8"?>
<!-- Generated by org.testng.reporters.JUnitXMLReporter -->
<testsuite ignored="0" hostname="DESKTOP-R38F7M2" failures="0" tests="6" name="Chrome_Tests" time="41.256" errors="0" timestamp="2025-11-14T04:32:32 IST">
  <testcase classname="scripts.homepage_scripts.regression_scenarios.HomepageRegressionScenarios" name="openHomepageUsingUrl" time="1.264"/>
  <testcase classname="scripts.homepage_scripts.regression_scenarios.HomepageRegressionScenarios" name="findAllButtonsInHomepage" time="0.284"/>
  <testcase classname="scripts.homepage_scripts.regression_scenarios.HomepageRegressionScenarios" name="clickOnWishListIcon" time="0.874"/>
  <testcase classname="scripts.homepage_scripts.regression_scenarios.HomepageRegressionScenarios" name="clickOneEachProductOneByOne" time="9.013"/>
  <testcase classname="scripts.homepage_scripts.regression_scenarios.HomepageRegressionScenarios" name="clickOnSignInLink" time="0.33"/>
  <testcase classname="scripts.homepage_scripts.regression_scenarios.HomepageRegressionScenarios" name="enterTextIntoSearchField" time="1.19"/>
</testsuite> <!-- Chrome_Tests -->
