<?xml version="1.0" encoding="UTF-8"?>
<!-- Generated by org.testng.reporters.JUnitReportReporter -->
<testsuite hostname="DESKTOP-PBQHPU9" failures="0" tests="1" name="scripts.contactus_scripts.functional_scenarios.AS_4707_ToastMessageDisplayedInEmailField" time="9.377" errors="0" timestamp="2025-11-12T15:12:14 IST" skipped="0">
  <testcase classname="scripts.contactus_scripts.functional_scenarios.AS_4707_ToastMessageDisplayedInEmailField" name="enterFirstNameFieldToastMessageDisplayedInEmailField" time="9.377"/>
</testsuite> <!-- scripts.contactus_scripts.functional_scenarios.AS_4707_ToastMessageDisplayedInEmailField -->
