<?xml version="1.0" encoding="UTF-8"?>
<!-- Generated by org.testng.reporters.JUnitReportReporter -->
<testsuite hostname="DESKTOP-PBQHPU9" failures="0" tests="1" name="scripts.contactus_scripts.functional_scenarios.AS_2907_EmptyFieldsToastMessageDisplayedInFirstNameField" time="10.535" errors="0" timestamp="2025-11-12T15:12:14 IST" skipped="0">
  <testcase classname="scripts.contactus_scripts.functional_scenarios.AS_2907_EmptyFieldsToastMessageDisplayedInFirstNameField" name="toastMessageDisplayedInFirstNameField" time="10.535"/>
</testsuite> <!-- scripts.contactus_scripts.functional_scenarios.AS_2907_EmptyFieldsToastMessageDisplayedInFirstNameField -->
