<?xml version="1.0" encoding="UTF-8"?>
<!-- Generated by org.testng.reporters.JUnitReportReporter -->
<testsuite hostname="DESKTOP-DJHI0F8" failures="0" tests="1" name="scripts.contactus_scripts.functional_scenarios.AddProductToCart" time="8.052" errors="0" timestamp="2025-11-20T23:36:09 IST" skipped="0">
  <testcase classname="scripts.contactus_scripts.functional_scenarios.AddProductToCart" name="openShoppageUsingUrl" time="8.052"/>
</testsuite> <!-- scripts.contactus_scripts.functional_scenarios.AddProductToCart -->
