<?xml version="1.0" encoding="UTF-8"?>
<!-- Generated by org.testng.reporters.JUnitReportReporter -->
<testsuite hostname="DESKTOP-HIJCQAO" failures="0" tests="1" name="scripts.contactus_scripts.functional_scenarios.ET_9081_Toast_Message_Displayed" time="14.120" errors="0" timestamp="2025-11-05T12:56:27 IST" skipped="0">
  <testcase classname="scripts.contactus_scripts.functional_scenarios.ET_9081_Toast_Message_Displayed" name="toastMessageDisplayed" time="14.120"/>
</testsuite> <!-- scripts.contactus_scripts.functional_scenarios.ET_9081_Toast_Message_Displayed -->
