<?xml version="1.0" encoding="UTF-8"?>
<!-- Generated by org.testng.reporters.JUnitReportReporter -->
<testsuite hostname="DESKTOP-HIJCQAO" failures="0" tests="1" name="scripts.contactus_scripts.functional_scenarios.AS_2907_AS_2907_ToastMessageDisplayedInFirstNameField" time="5.998" errors="0" timestamp="2025-11-05T14:44:14 IST" skipped="0">
  <testcase classname="scripts.contactus_scripts.functional_scenarios.AS_2907_AS_2907_ToastMessageDisplayedInFirstNameField" name="toastMessageDisplayed" time="5.998"/>
</testsuite> <!-- scripts.contactus_scripts.functional_scenarios.AS_2907_AS_2907_ToastMessageDisplayedInFirstNameField -->
