<?xml version="1.0" encoding="UTF-8"?>
<!-- Generated by org.testng.reporters.JUnitReportReporter -->
<testsuite hostname="DESKTOP-DJHI0F8" failures="0" tests="1" name="scripts.contactus_scripts.functional_scenarios.AS_9081_Toast_Message_Displayed" time="42.636" errors="0" timestamp="2025-12-07T17:12:51 IST" skipped="0">
  <testcase classname="scripts.contactus_scripts.functional_scenarios.AS_9081_Toast_Message_Displayed" name="enterAllFieldstoastMessageDisplayed" time="42.636"/>
</testsuite> <!-- scripts.contactus_scripts.functional_scenarios.AS_9081_Toast_Message_Displayed -->
