<!DOCTYPE html PUBLIC "-//W3C//DTD XHTML 1.1//EN" "https://www.w3.org/TR/xhtml11/DTD/xhtml11.dtd">
<html xmlns="https://www.w3.org/1999/xhtml">
<head>
<meta http-equiv="content-type" content="text/html; charset=UTF-8"/>
<title>TestNG Report</title>
<style type="text/css">table {margin-bottom:10px;border-collapse:collapse;empty-cells:show}th,td {border:1px solid #009;padding:.25em .5em}th {vertical-align:bottom}td {vertical-align:top}table a {font-weight:bold}.stripe td {background-color: #E6EBF9}.num {text-align:right}.passedodd td {background-color: #3F3}.passedeven td {background-color: #0A0}.skippedodd td {background-color: #DDD}.skippedeven td {background-color: #CCC}.failedodd td,.attn {background-color: #F33}.failedeven td,.stripe .attn {background-color: #D00}.stacktrace {white-space:pre;font-family:monospace}.totop {font-size:85%;text-align:center;border-bottom:2px solid #000}.invisible {display:none}</style>
</head>
<body>
<table>
<tr><th>Test</th><th># Passed</th><th># Skipped</th><th># Retried</th><th># Failed</th><th>Time (ms)</th><th>Included Groups</th><th>Excluded Groups</th></tr>
<tr><th colspan="8">Ecommerce Parallel Testing Suite</th></tr>
<tr><td><a href="#t0">Chrome_Tests</a></td><td class="num">6</td><td class="num">0</td><td class="num">0</td><td class="num">0</td><td class="num">41,256</td><td></td><td></td></tr>
<tr class="stripe"><td><a href="#t1">Edge_Tests</a></td><td class="num">5</td><td class="num">0</td><td class="num">0</td><td class="num attn">1</td><td class="num">64,728</td><td></td><td></td></tr>
<tr><td><a href="#t2">Firefox_Tests</a></td><td class="num">5</td><td class="num">0</td><td class="num">0</td><td class="num attn">1</td><td class="num">329,600</td><td></td><td></td></tr>
<tr><th>Total</th><th class="num">16</th><th class="num">0</th><th class="num">0</th><th class="num attn">2</th><th class="num">435,584</th><th colspan="2"></th></tr>
</table>
<table id='summary'><thead><tr><th>Class</th><th>Method</th><th>Start</th><th>Time (ms)</th></tr></thead><tbody><tr><th colspan="4">Ecommerce Parallel Testing Suite</th></tr></tbody><tbody id="t0"><tr><th colspan="4">Chrome_Tests &#8212; passed</th></tr><tr class="passedeven"><td rowspan="6">scripts.homepage_scripts.regression_scenarios.HomepageRegressionScenarios</td><td><a href="#m0">clickOnSignInLink</a></td><td rowspan="1">1763074946559</td><td rowspan="1">330</td></tr><tr class="passedeven"><td><a href="#m1">clickOnWishListIcon</a></td><td rowspan="1">1763074928018</td><td rowspan="1">874</td></tr><tr class="passedeven"><td><a href="#m2">clickOneEachProductOneByOne</a></td><td rowspan="1">1763074933978</td><td rowspan="1">9013</td></tr><tr class="passedeven"><td><a href="#m3">enterTextIntoSearchField</a></td><td rowspan="1">1763074951238</td><td rowspan="1">1190</td></tr><tr class="passedeven"><td><a href="#m4">findAllButtonsInHomepage</a></td><td rowspan="1">1763074922316</td><td rowspan="1">284</td></tr><tr class="passedeven"><td><a href="#m5">openHomepageUsingUrl</a></td><td rowspan="1">1763074916416</td><td rowspan="1">1264</td></tr></tbody>
<tbody id="t1"><tr><th colspan="4">Edge_Tests &#8212; failed</th></tr><tr class="failedeven"><td rowspan="1">scripts.homepage_scripts.regression_scenarios.HomepageRegressionScenarios</td><td><a href="#m6">clickOneEachProductOneByOne</a></td><td rowspan="1">1763074934493</td><td rowspan="1">29868</td></tr><tr><th colspan="4">Edge_Tests &#8212; passed</th></tr><tr class="passedeven"><td rowspan="5">scripts.homepage_scripts.regression_scenarios.HomepageRegressionScenarios</td><td><a href="#m7">clickOnSignInLink</a></td><td rowspan="1">1763074965888</td><td rowspan="1">3814</td></tr><tr class="passedeven"><td><a href="#m8">clickOnWishListIcon</a></td><td rowspan="1">1763074927844</td><td rowspan="1">685</td></tr><tr class="passedeven"><td><a href="#m9">enterTextIntoSearchField</a></td><td rowspan="1">1763074974676</td><td rowspan="1">1034</td></tr><tr class="passedeven"><td><a href="#m10">findAllButtonsInHomepage</a></td><td rowspan="1">1763074922602</td><td rowspan="1">262</td></tr><tr class="passedeven"><td><a href="#m11">openHomepageUsingUrl</a></td><td rowspan="1">1763074916389</td><td rowspan="1">1288</td></tr></tbody>
<tbody id="t2"><tr><th colspan="4">Firefox_Tests &#8212; failed</th></tr><tr class="failedeven"><td rowspan="1">scripts.homepage_scripts.regression_scenarios.HomepageRegressionScenarios</td><td><a href="#m12">clickOneEachProductOneByOne</a></td><td rowspan="1">1763075212440</td><td rowspan="1">93</td></tr><tr><th colspan="4">Firefox_Tests &#8212; passed</th></tr><tr class="passedeven"><td rowspan="5">scripts.homepage_scripts.regression_scenarios.HomepageRegressionScenarios</td><td><a href="#m13">clickOnSignInLink</a></td><td rowspan="1">1763075225048</td><td rowspan="1">730</td></tr><tr class="passedeven"><td><a href="#m14">clickOnWishListIcon</a></td><td rowspan="1">1763075199415</td><td rowspan="1">228</td></tr><tr class="passedeven"><td><a href="#m15">enterTextIntoSearchField</a></td><td rowspan="1">1763075238667</td><td rowspan="1">834</td></tr><tr class="passedeven"><td><a href="#m16">findAllButtonsInHomepage</a></td><td rowspan="1">1763075186588</td><td rowspan="1">464</td></tr><tr class="passedeven"><td><a href="#m17">openHomepageUsingUrl</a></td><td rowspan="1">1763075171723</td><td rowspan="1">93</td></tr></tbody>
</table>
<h2>Chrome_Tests</h2><h3 id="m0">scripts.homepage_scripts.regression_scenarios.HomepageRegressionScenarios#clickOnSignInLink</h3><table class="result"><tr><th class="invisible"/></tr></table><p class="totop"><a href="#summary">back to summary</a></p>
<h3 id="m1">scripts.homepage_scripts.regression_scenarios.HomepageRegressionScenarios#clickOnWishListIcon</h3><table class="result"><tr><th class="invisible"/></tr></table><p class="totop"><a href="#summary">back to summary</a></p>
<h3 id="m2">scripts.homepage_scripts.regression_scenarios.HomepageRegressionScenarios#clickOneEachProductOneByOne</h3><table class="result"><tr><th class="invisible"/></tr></table><p class="totop"><a href="#summary">back to summary</a></p>
<h3 id="m3">scripts.homepage_scripts.regression_scenarios.HomepageRegressionScenarios#enterTextIntoSearchField</h3><table class="result"><tr><th class="invisible"/></tr></table><p class="totop"><a href="#summary">back to summary</a></p>
<h3 id="m4">scripts.homepage_scripts.regression_scenarios.HomepageRegressionScenarios#findAllButtonsInHomepage</h3><table class="result"><tr><th class="invisible"/></tr></table><p class="totop"><a href="#summary">back to summary</a></p>
<h3 id="m5">scripts.homepage_scripts.regression_scenarios.HomepageRegressionScenarios#openHomepageUsingUrl</h3><table class="result"><tr><th class="invisible"/></tr></table><p class="totop"><a href="#summary">back to summary</a></p>
<h2>Edge_Tests</h2><h3 id="m6">scripts.homepage_scripts.regression_scenarios.HomepageRegressionScenarios#clickOneEachProductOneByOne</h3><table class="result"><tr><th>Exception</th></tr><tr><td><div class="stacktrace">org.openqa.selenium.NoSuchElementException: no such element: Unable to locate element: {&quot;method&quot;:&quot;css selector&quot;,&quot;selector&quot;:&quot;h1.text-4xl&quot;}
  (Session info: MicrosoftEdge=142.0.3595.76)
For documentation on this error, please visit: https://www.selenium.dev/documentation/webdriver/troubleshooting/errors#nosuchelementexception
Build info: version: &apos;4.38.0&apos;, revision: &apos;6b412e825c*&apos;
System info: os.name: &apos;Windows 10&apos;, os.arch: &apos;amd64&apos;, os.version: &apos;10.0&apos;, java.version: &apos;17.0.9&apos;
Driver info: org.openqa.selenium.edge.EdgeDriver
Command: [a28a622f5423009bc1b4396149287b87, findElement {value=h1.text-4xl, using=css selector}]
Capabilities {acceptInsecureCerts: false, browserName: MicrosoftEdge, browserVersion: 142.0.3595.76, fedcm:accounts: true, goog:processID: 19188, ms:edgeOptions: {debuggerAddress: localhost:62571}, msedge: {msedgedriverVersion: 142.0.3595.76 (5d9d1400442e..., userDataDir: C:\Users\user\AppData\Local...}, networkConnectionEnabled: false, pageLoadStrategy: normal, platformName: windows, proxy: Proxy(), se:cdp: ws://localhost:62571/devtoo..., se:cdpVersion: 142.0.3595.76, setWindowRect: true, strictFileInteractability: false, timeouts: {implicit: 0, pageLoad: 300000, script: 30000}, unhandledPromptBehavior: dismiss and notify, webauthn:extension:credBlob: true, webauthn:extension:largeBlob: true, webauthn:extension:minPinLength: true, webauthn:extension:prf: true, webauthn:virtualAuthenticators: true}
Session ID: a28a622f5423009bc1b4396149287b87
	at java.base/jdk.internal.reflect.NativeConstructorAccessorImpl.newInstance0(Native Method)
	at java.base/jdk.internal.reflect.NativeConstructorAccessorImpl.newInstance(NativeConstructorAccessorImpl.java:77)
	at java.base/jdk.internal.reflect.DelegatingConstructorAccessorImpl.newInstance(DelegatingConstructorAccessorImpl.java:45)
	at java.base/java.lang.reflect.Constructor.newInstanceWithCaller(Constructor.java:499)
	at java.base/java.lang.reflect.Constructor.newInstance(Constructor.java:480)
	at org.openqa.selenium.remote.ErrorCodec.decode(ErrorCodec.java:167)
	at org.openqa.selenium.remote.codec.w3c.W3CHttpResponseCodec.decode(W3CHttpResponseCodec.java:138)
	at org.openqa.selenium.remote.codec.w3c.W3CHttpResponseCodec.decode(W3CHttpResponseCodec.java:50)
	at org.openqa.selenium.remote.HttpCommandExecutor.execute(HttpCommandExecutor.java:215)
	at org.openqa.selenium.remote.service.DriverCommandExecutor.invokeExecute(DriverCommandExecutor.java:216)
	at org.openqa.selenium.remote.service.DriverCommandExecutor.execute(DriverCommandExecutor.java:174)
	at org.openqa.selenium.remote.RemoteWebDriver.execute(RemoteWebDriver.java:557)
	at org.openqa.selenium.remote.ElementLocation$ElementFinder$2.findElement(ElementLocation.java:165)
	at org.openqa.selenium.remote.ElementLocation.findElement(ElementLocation.java:59)
	at org.openqa.selenium.remote.RemoteWebDriver.findElement(RemoteWebDriver.java:380)
	at org.openqa.selenium.remote.RemoteWebDriver.findElement(RemoteWebDriver.java:374)
	at scripts.homepage_scripts.regression_scenarios.HomepageRegressionScenarios.clickOneEachProductOneByOne(HomepageRegressionScenarios.java:78)
	at java.base/jdk.internal.reflect.NativeMethodAccessorImpl.invoke0(Native Method)
	at java.base/jdk.internal.reflect.NativeMethodAccessorImpl.invoke(NativeMethodAccessorImpl.java:77)
	at java.base/jdk.internal.reflect.DelegatingMethodAccessorImpl.invoke(DelegatingMethodAccessorImpl.java:43)
	at java.base/java.lang.reflect.Method.invoke(Method.java:568)
	at org.testng.internal.invokers.MethodInvocationHelper.invokeMethod(MethodInvocationHelper.java:141)
	at org.testng.internal.invokers.TestInvoker.invokeMethod(TestInvoker.java:686)
	at org.testng.internal.invokers.TestInvoker.invokeTestMethod(TestInvoker.java:230)
	at org.testng.internal.invokers.MethodRunner.runInSequence(MethodRunner.java:63)
	at org.testng.internal.invokers.TestInvoker$MethodInvocationAgent.invoke(TestInvoker.java:992)
	at org.testng.internal.invokers.TestInvoker.invokeTestMethods(TestInvoker.java:203)
	at org.testng.internal.invokers.TestMethodWorker.invokeTestMethods(TestMethodWorker.java:154)
	at org.testng.internal.invokers.TestMethodWorker.run(TestMethodWorker.java:134)
	at java.base/java.util.ArrayList.forEach(ArrayList.java:1511)
	at org.testng.TestRunner.privateRun(TestRunner.java:739)
	at org.testng.TestRunner.run(TestRunner.java:614)
	at org.testng.SuiteRunner.runTest(SuiteRunner.java:421)
	at org.testng.SuiteRunner$SuiteWorker.run(SuiteRunner.java:463)
	at org.testng.internal.thread.ThreadUtil.lambda$execute$0(ThreadUtil.java:64)
	at java.base/java.util.concurrent.FutureTask.run(FutureTask.java:264)
	at java.base/java.util.concurrent.ThreadPoolExecutor.runWorker(ThreadPoolExecutor.java:1136)
	at java.base/java.util.concurrent.ThreadPoolExecutor$Worker.run(ThreadPoolExecutor.java:635)
	at java.base/java.lang.Thread.run(Thread.java:840)
</div></td></tr></table><p class="totop"><a href="#summary">back to summary</a></p>
<h3 id="m7">scripts.homepage_scripts.regression_scenarios.HomepageRegressionScenarios#clickOnSignInLink</h3><table class="result"><tr><th class="invisible"/></tr></table><p class="totop"><a href="#summary">back to summary</a></p>
<h3 id="m8">scripts.homepage_scripts.regression_scenarios.HomepageRegressionScenarios#clickOnWishListIcon</h3><table class="result"><tr><th class="invisible"/></tr></table><p class="totop"><a href="#summary">back to summary</a></p>
<h3 id="m9">scripts.homepage_scripts.regression_scenarios.HomepageRegressionScenarios#enterTextIntoSearchField</h3><table class="result"><tr><th class="invisible"/></tr></table><p class="totop"><a href="#summary">back to summary</a></p>
<h3 id="m10">scripts.homepage_scripts.regression_scenarios.HomepageRegressionScenarios#findAllButtonsInHomepage</h3><table class="result"><tr><th class="invisible"/></tr></table><p class="totop"><a href="#summary">back to summary</a></p>
<h3 id="m11">scripts.homepage_scripts.regression_scenarios.HomepageRegressionScenarios#openHomepageUsingUrl</h3><table class="result"><tr><th class="invisible"/></tr></table><p class="totop"><a href="#summary">back to summary</a></p>
<h2>Firefox_Tests</h2><h3 id="m12">scripts.homepage_scripts.regression_scenarios.HomepageRegressionScenarios#clickOneEachProductOneByOne</h3><table class="result"><tr><th>Exception</th></tr><tr><td><div class="stacktrace">org.openqa.selenium.interactions.MoveTargetOutOfBoundsException: Move target (385, 1182) is out of bounds of viewport dimensions (1920, 955)
Build info: version: &apos;4.38.0&apos;, revision: &apos;6b412e825c*&apos;
System info: os.name: &apos;Windows 10&apos;, os.arch: &apos;amd64&apos;, os.version: &apos;10.0&apos;, java.version: &apos;17.0.9&apos;
Driver info: org.openqa.selenium.firefox.FirefoxDriver
Command: [ea95c1ac-3e57-4ad1-bb92-527e9761fca5, actions {actions=[org.openqa.selenium.interactions.Sequence@11d31553]}]
Capabilities {acceptInsecureCerts: true, browserName: firefox, browserVersion: 145.0, moz:accessibilityChecks: false, moz:buildID: 20251106194447, moz:geckodriverVersion: 0.36.0, moz:headless: false, moz:platformVersion: 10.0, moz:processID: 12932, moz:profile: C:\Users\user\AppData\Local..., moz:shutdownTimeout: 60000, moz:webdriverClick: true, moz:windowless: false, pageLoadStrategy: normal, platformName: windows, proxy: Proxy(), setWindowRect: true, strictFileInteractability: false, timeouts: {implicit: 0, pageLoad: 300000, script: 30000}, unhandledPromptBehavior: dismiss and notify, userAgent: Mozilla/5.0 (Windows NT 10....}
Session ID: ea95c1ac-3e57-4ad1-bb92-527e9761fca5
	at java.base/jdk.internal.reflect.NativeConstructorAccessorImpl.newInstance0(Native Method)
	at java.base/jdk.internal.reflect.NativeConstructorAccessorImpl.newInstance(NativeConstructorAccessorImpl.java:77)
	at java.base/jdk.internal.reflect.DelegatingConstructorAccessorImpl.newInstance(DelegatingConstructorAccessorImpl.java:45)
	at java.base/java.lang.reflect.Constructor.newInstanceWithCaller(Constructor.java:499)
	at java.base/java.lang.reflect.Constructor.newInstance(Constructor.java:480)
	at org.openqa.selenium.remote.ErrorCodec.decode(ErrorCodec.java:167)
	at org.openqa.selenium.remote.codec.w3c.W3CHttpResponseCodec.decode(W3CHttpResponseCodec.java:138)
	at org.openqa.selenium.remote.codec.w3c.W3CHttpResponseCodec.decode(W3CHttpResponseCodec.java:50)
	at org.openqa.selenium.remote.HttpCommandExecutor.execute(HttpCommandExecutor.java:215)
	at org.openqa.selenium.remote.service.DriverCommandExecutor.invokeExecute(DriverCommandExecutor.java:216)
	at org.openqa.selenium.remote.service.DriverCommandExecutor.execute(DriverCommandExecutor.java:174)
	at org.openqa.selenium.remote.RemoteWebDriver.execute(RemoteWebDriver.java:557)
	at org.openqa.selenium.remote.RemoteWebDriver.perform(RemoteWebDriver.java:647)
	at org.openqa.selenium.interactions.Actions$BuiltAction.perform(Actions.java:616)
	at scripts.homepage_scripts.regression_scenarios.HomepageRegressionScenarios.clickOneEachProductOneByOne(HomepageRegressionScenarios.java:47)
	at java.base/jdk.internal.reflect.NativeMethodAccessorImpl.invoke0(Native Method)
	at java.base/jdk.internal.reflect.NativeMethodAccessorImpl.invoke(NativeMethodAccessorImpl.java:77)
	at java.base/jdk.internal.reflect.DelegatingMethodAccessorImpl.invoke(DelegatingMethodAccessorImpl.java:43)
	at java.base/java.lang.reflect.Method.invoke(Method.java:568)
	at org.testng.internal.invokers.MethodInvocationHelper.invokeMethod(MethodInvocationHelper.java:141)
	at org.testng.internal.invokers.TestInvoker.invokeMethod(TestInvoker.java:686)
	at org.testng.internal.invokers.TestInvoker.invokeTestMethod(TestInvoker.java:230)
	at org.testng.internal.invokers.MethodRunner.runInSequence(MethodRunner.java:63)
	at org.testng.internal.invokers.TestInvoker$MethodInvocationAgent.invoke(TestInvoker.java:992)
	at org.testng.internal.invokers.TestInvoker.invokeTestMethods(TestInvoker.java:203)
	at org.testng.internal.invokers.TestMethodWorker.invokeTestMethods(TestMethodWorker.java:154)
	at org.testng.internal.invokers.TestMethodWorker.run(TestMethodWorker.java:134)
	at java.base/java.util.ArrayList.forEach(ArrayList.java:1511)
	at org.testng.TestRunner.privateRun(TestRunner.java:739)
	at org.testng.TestRunner.run(TestRunner.java:614)
	at org.testng.SuiteRunner.runTest(SuiteRunner.java:421)
	at org.testng.SuiteRunner$SuiteWorker.run(SuiteRunner.java:463)
	at org.testng.internal.thread.ThreadUtil.lambda$execute$0(ThreadUtil.java:64)
	at java.base/java.util.concurrent.FutureTask.run(FutureTask.java:264)
	at java.base/java.util.concurrent.ThreadPoolExecutor.runWorker(ThreadPoolExecutor.java:1136)
	at java.base/java.util.concurrent.ThreadPoolExecutor$Worker.run(ThreadPoolExecutor.java:635)
	at java.base/java.lang.Thread.run(Thread.java:840)
</div></td></tr></table><p class="totop"><a href="#summary">back to summary</a></p>
<h3 id="m13">scripts.homepage_scripts.regression_scenarios.HomepageRegressionScenarios#clickOnSignInLink</h3><table class="result"><tr><th class="invisible"/></tr></table><p class="totop"><a href="#summary">back to summary</a></p>
<h3 id="m14">scripts.homepage_scripts.regression_scenarios.HomepageRegressionScenarios#clickOnWishListIcon</h3><table class="result"><tr><th class="invisible"/></tr></table><p class="totop"><a href="#summary">back to summary</a></p>
<h3 id="m15">scripts.homepage_scripts.regression_scenarios.HomepageRegressionScenarios#enterTextIntoSearchField</h3><table class="result"><tr><th class="invisible"/></tr></table><p class="totop"><a href="#summary">back to summary</a></p>
<h3 id="m16">scripts.homepage_scripts.regression_scenarios.HomepageRegressionScenarios#findAllButtonsInHomepage</h3><table class="result"><tr><th class="invisible"/></tr></table><p class="totop"><a href="#summary">back to summary</a></p>
<h3 id="m17">scripts.homepage_scripts.regression_scenarios.HomepageRegressionScenarios#openHomepageUsingUrl</h3><table class="result"><tr><th class="invisible"/></tr></table><p class="totop"><a href="#summary">back to summary</a></p>
</body>
</html>
